#-----------------------------------------------------------
# Vivado v2015.1 (64-bit)
# SW Build 1215546 on Mon Apr 27 19:22:08 MDT 2015
# IP Build 1209967 on Tue Apr 21 11:39:20 MDT 2015
# Start of session at: Thu Jun 28 02:31:51 2018
# Process ID: 5116
# Log file: C:/Users/13612/Desktop/Multipul_period_CPU/vivado.log
# Journal file: C:/Users/13612/Desktop/Multipul_period_CPU\vivado.jou
#-----------------------------------------------------------
start_gui
open_project C:/Users/13612/Desktop/Multipul_period_CPU/Multipul_period_CPU.xpr
CRITICAL WARNING: [Project 1-19] Could not find the file 'C:/Users/13612/Desktop/Multipul_preiod_CPU/Mul_Preiod_CPU_tb_behav.wcfg'.
Scanning sources...
Finished scanning sources
WARNING: [filemgmt 56-3] IP Repository Path: Could not find the directory 'C:/Users/13612/Desktop/Multipul_preiod_CPU/Multipul_preiod_CPU.cache/ip'.
WARNING: [filemgmt 56-3] IP Output Repository Path: Could not find the directory 'C:/Users/13612/Desktop/Multipul_preiod_CPU/Multipul_preiod_CPU.cache/ip'.
INFO: [IP_Flow 19-234] Refreshing IP repositories
INFO: [IP_Flow 19-1700] Loaded user IP repository 'c:/Users/13612/Desktop/Multipul_preiod_CPU/Multipul_preiod_CPU.cache/ip'.
INFO: [IP_Flow 19-2313] Loaded Vivado IP repository 'D:/vivado2015/Vivado/2015.1/data/ip'.
open_project: Time (s): cpu = 00:00:09 ; elapsed = 00:00:09 . Memory (MB): peak = 725.762 ; gain = 166.762
exit
INFO: [Common 17-206] Exiting Vivado at Thu Jun 28 02:50:17 2018...
