Vivado Simulator 2015.1
Copyright 1986-1999, 2001-2015 Xilinx, Inc. All Rights Reserved.
Running: C:/Xilinx/Vivado/2015.1/bin/unwrapped/win64.o/xelab.exe -wto 0a9f3713727f4679976fc888274a353b --debug typical --relax --mt 2 -L xil_defaultlib -L unisims_ver -L unimacro_ver -L secureip --snapshot CPU_sim_behav xil_defaultlib.CPU_sim xil_defaultlib.glbl -log elaborate.log 
Using 2 slave threads.
Starting static elaboration
Completed static elaboration
Starting simulation data flow analysis
Completed simulation data flow analysis
Time Resolution for simulation is 1ps
Compiling module xil_defaultlib.PC
Compiling module xil_defaultlib.ID
Compiling module xil_defaultlib.Control_unit
Compiling module xil_defaultlib.RegFile
Compiling module xil_defaultlib.extend
Compiling module xil_defaultlib.ALU32
Compiling module xil_defaultlib.Data_Mem
Compiling module xil_defaultlib.top
Compiling module xil_defaultlib.CPU_sim
Compiling module xil_defaultlib.glbl
Waiting for 2 sub-compilation(s) to finish...
Built simulation snapshot CPU_sim_behav
