#
# A fatal error has been detected by the Java Runtime Environment:
#
#  EXCEPTION_ACCESS_VIOLATION (0xc0000005) at pc=0x00007ff91ef83d04, pid=8340, tid=3380
#
# JRE version: Java(TM) SE Runtime Environment (8.0_25-b18) (build 1.8.0_25-b18)
# Java VM: Java HotSpot(TM) 64-Bit Server VM (25.25-b02 mixed mode windows-amd64 compressed oops)
# Problematic frame:
# C  [librdi_filemgmt.dll+0x133d04]
#
# Failed to write core dump. Minidumps are not enabled by default on client versions of Windows
#
# If you would like to submit a bug report, please visit:
#   http://bugreport.sun.com/bugreport/crash.jsp
# The crash happened outside the Java Virtual Machine in native code.
# See problematic frame for where to report the bug.
#

---------------  T H R E A D  ---------------

Current thread (0x000001c8ecdc7800):  JavaThread "Update Design Hierarchy" [_thread_in_native, id=3380, stack(0x0000007065b00000,0x0000007066000000)]

siginfo: ExceptionCode=0xc0000005, reading address 0x0000001d0000060e

Registers:
RAX=0x000001c8e54c2ba8, RBX=0x000001c8e54c2b80, RCX=0x000001c8e5512380, RDX=0x000001c8e54c2b80
RSP=0x0000007065ffe430, RBP=0x0000001d00000606, RSI=0x000001c8e54c2b80, RDI=0x000001c8e54c2b80
R8 =0x0000000000000002, R9 =0x00007ff9349f0000, R10=0x000001c8e54c2ba8, R11=0x000001c8e54c2ba8
R12=0x0000000000000000, R13=0x000001c8e5368000, R14=0x000001c8e5512380, R15=0x0000000000000015
RIP=0x00007ff91ef83d04, EFLAGS=0x0000000000010206

Top of Stack: (sp=0x0000007065ffe430)
0x0000007065ffe430:   fffffffffffffffe 000000000a913154
0x0000007065ffe440:   fffffffffffffffe 00007ff965337c66
0x0000007065ffe450:   000001c8e54c2b80 00007ff91ef83af8
0x0000007065ffe460:   0000007065ffe5c0 000001c8e54c2b80
0x0000007065ffe470:   0000000000000100 0000000000000002
0x0000007065ffe480:   fffffffffffffffe 000000000a92f080
0x0000007065ffe490:   0000007065ffe690 000001c8e54c2b80
0x0000007065ffe4a0:   0000007065ffe6b0 00007ff91ef8417e
0x0000007065ffe4b0:   000001c8e54c2b80 000001c8e54c2b80
0x0000007065ffe4c0:   0000007065ffe5c9 000001c8ed6b6200
0x0000007065ffe4d0:   0000007065ffe5c0 00007ff91ef7e6b8
0x0000007065ffe4e0:   000001c8c91b0020 0000000000000100
0x0000007065ffe4f0:   0000000000000000 0000000000020000
0x0000007065ffe500:   fffffffffffffffe 000000000a92f080
0x0000007065ffe510:   000001c8ebf312b0 00007ff91ef89012
0x0000007065ffe520:   000001c8e54c2b80 000001c8e5366980 

Instructions: (pc=0x00007ff91ef83d04)
0x00007ff91ef83ce4:   84 8a 00 00 00 48 89 5c 24 20 48 89 54 24 10 57
0x00007ff91ef83cf4:   48 83 ec 20 48 89 6c 24 30 48 8b 69 18 48 8b da
0x00007ff91ef83d04:   4c 8b 45 08 48 8b f9 4c 8d 4c 24 38 48 8b d5 48
0x00007ff91ef83d14:   83 c1 18 48 89 74 24 40 e8 ef fc ff ff 48 b9 a9 


Register to memory mapping:

RAX=0x000001c8e54c2ba8 is an unknown value
RBX=0x000001c8e54c2b80 is an unknown value
RCX=0x000001c8e5512380 is an unknown value
RDX=0x000001c8e54c2b80 is an unknown value
RSP=0x0000007065ffe430 is pointing into the stack for thread: 0x000001c8ecdc7800
RBP=0x0000001d00000606 is an unknown value
RSI=0x000001c8e54c2b80 is an unknown value
RDI=0x000001c8e54c2b80 is an unknown value
R8 =0x0000000000000002 is an unknown value
R9 =0x00007ff9349f0000 is an unknown value
R10=0x000001c8e54c2ba8 is an unknown value
R11=0x000001c8e54c2ba8 is an unknown value
R12=0x0000000000000000 is an unknown value
R13=0x000001c8e5368000 is an unknown value
R14=0x000001c8e5512380 is an unknown value
R15=0x0000000000000015 is an unknown value


Stack: [0x0000007065b00000,0x0000007066000000],  sp=0x0000007065ffe430,  free space=5113k
Native frames: (J=compiled Java code, j=interpreted, Vv=VM code, C=native code)
C  [librdi_filemgmt.dll+0x133d04]
C  [librdi_filemgmt.dll+0x133af8]
C  [librdi_filemgmt.dll+0x13417e]
C  [librdi_filemgmt.dll+0x12e6b8]
C  [librdi_filemgmt.dll+0x139012]
C  [librdi_filemgmt.dll+0x13e4fe]
C  [librdi_filemgmt.dll+0x13eb82]
C  [librdi_filemgmt.dll+0x13e95f]
C  [librdi_filemgmt.dll+0x13dcf1]
C  [librdi_filemgmt.dll+0x13f803]
C  [librdi_filemgmt.dll+0x13a2d9]
C  [librdi_filemgmt.dll+0xf18b2]
C  [librdi_filemgmt.dll+0x102955]
C  0x00007ff9061b9f1f
C  0x00007ff9062a1b8c
C  0x000001c8cd5f465b

Java frames: (J=compiled Java code, j=interpreted, Vv=VM code)
j  ui.frmwork.designcmds.HTCDesignCommands_updateGraph(JIZJ)Z+0
j  ui.a.e.a(Lui/project/u;Lui/data/design/c;ZLui/data/common/H;)Z+77
j  ui.data.design.i.dw(Z)V+152
j  ui.data.design.i.dv(Z)V+2
j  ui.data.design.i.akp()V+22
j  ui.views.l.W.J()V+4
j  ui.b.b.cD.ct()Ljava/lang/Object;+13
j  ui.frmwork.r.run()V+15
j  java.lang.Thread.run()V+11
v  ~StubRoutines::call_stub

---------------  P R O C E S S  ---------------

Java Threads: ( => current thread )
=>0x000001c8ecdc7800 JavaThread "Update Design Hierarchy" [_thread_in_native, id=3380, stack(0x0000007065b00000,0x0000007066000000)]
  0x000001c8ebe07800 JavaThread "Image Fetcher 3" daemon [_thread_blocked, id=6736, stack(0x0000007065600000,0x0000007065b00000)]
  0x000001c8ed1e4000 JavaThread "Image Fetcher 2" daemon [_thread_blocked, id=5880, stack(0x0000007065100000,0x0000007065600000)]
  0x000001c8ef8c5000 JavaThread "Image Fetcher 1" daemon [_thread_blocked, id=936, stack(0x0000007062100000,0x0000007062600000)]
  0x000001c8ee22e800 JavaThread "Image Fetcher 0" daemon [_thread_blocked, id=8428, stack(0x0000007061c00000,0x0000007062100000)]
  0x000001c8ed269800 JavaThread "Monitor File Timestamp" [_thread_in_vm, id=7060, stack(0x0000007063b00000,0x0000007064000000)]
  0x000001c8e6ef1800 JavaThread "hw_ila_monitor" [_thread_blocked, id=14172, stack(0x0000007062b00000,0x0000007063000000)]
  0x000001c8e50a3000 JavaThread "Update Runs" [_thread_blocked, id=13260, stack(0x0000007064700000,0x0000007064c00000)]
  0x000001c8e723f800 JavaThread "Refresh Filesets" [_thread_blocked, id=13220, stack(0x0000007064c00000,0x0000007065100000)]
  0x000001c8e4b25800 JavaThread "Swing-Shell" daemon [_thread_blocked, id=1308, stack(0x0000007063500000,0x0000007063a00000)]
  0x000001c8e4ea1800 JavaThread "Monitor File Timestamp" [_thread_blocked, id=7112, stack(0x000000705fe00000,0x0000007060300000)]
  0x000001c8cd451000 JavaThread "Process Messages" [_thread_in_vm, id=5972, stack(0x0000007061700000,0x0000007061c00000)]
  0x000001c8c9a58800 JavaThread "Thread-3" [_thread_in_native, id=14128, stack(0x000000705bf00000,0x000000705d300000)]
  0x000001c8c9a52000 JavaThread "AWT-EventQueue-0" [_thread_blocked, id=10492, stack(0x0000007061200000,0x0000007061700000)]
  0x000001c8c9a53000 JavaThread "AWT-Windows" daemon [_thread_in_native, id=4944, stack(0x0000007060d00000,0x0000007061200000)]
  0x000001c8c99c0800 JavaThread "AWT-Shutdown" [_thread_blocked, id=14208, stack(0x0000007060800000,0x0000007060d00000)]
  0x000001c8c99c9000 JavaThread "Java2D Disposer" daemon [_thread_blocked, id=7484, stack(0x0000007060300000,0x0000007060800000)]
  0x000001c8e4fbf800 JavaThread "TimerQueue" daemon [_thread_blocked, id=10672, stack(0x000000705f900000,0x000000705fe00000)]
  0x000001c8e46d7800 JavaThread "Service Thread" daemon [_thread_blocked, id=4840, stack(0x000000705f300000,0x000000705f800000)]
  0x000001c8e4522000 JavaThread "C1 CompilerThread1" daemon [_thread_blocked, id=13956, stack(0x000000705f200000,0x000000705f300000)]
  0x000001c8e4523800 JavaThread "C2 CompilerThread0" daemon [_thread_in_native, id=13340, stack(0x000000705f100000,0x000000705f200000)]
  0x000001c8e4517000 JavaThread "Attach Listener" daemon [_thread_blocked, id=9652, stack(0x000000705ec00000,0x000000705f100000)]
  0x000001c8e4511000 JavaThread "Signal Dispatcher" daemon [_thread_blocked, id=3760, stack(0x000000705e700000,0x000000705ec00000)]
  0x000001c8e44dc000 JavaThread "Finalizer" daemon [_thread_blocked, id=4848, stack(0x000000705e200000,0x000000705e700000)]
  0x000001c8e44dd000 JavaThread "Reference Handler" daemon [_thread_blocked, id=9800, stack(0x000000705dd00000,0x000000705e200000)]
  0x000001c8c98d2000 JavaThread "main" [_thread_blocked, id=11648, stack(0x000000705d900000,0x000000705da00000)]

Other Threads:
  0x000001c8e4430800 VMThread [stack: 0x000000705dc00000,0x000000705dd00000] [id=12104]
  0x000001c8e46d6000 WatcherThread [stack: 0x000000705f800000,0x000000705f900000] [id=8232]

VM state:not at safepoint (normal execution)

VM Mutex/Monitor currently owned by a thread: None

Heap:
 PSYoungGen      total 49664K, used 26747K [0x00000007bc400000, 0x00000007c0000000, 0x00000007c0000000)
  eden space 38912K, 48% used [0x00000007bc400000,0x00000007bd679008,0x00000007bea00000)
  from space 10752K, 72% used [0x00000007bf580000,0x00000007bfd25ee8,0x00000007c0000000)
  to   space 11264K, 0% used [0x00000007bea00000,0x00000007bea00000,0x00000007bf500000)
 ParOldGen       total 94208K, used 35502K [0x0000000700000000, 0x0000000705c00000, 0x00000007bc400000)
  object space 94208K, 37% used [0x0000000700000000,0x00000007022ab958,0x0000000705c00000)
 Metaspace       used 54933K, capacity 55349K, committed 55808K, reserved 1097728K
  class space    used 7811K, capacity 7895K, committed 7936K, reserved 1048576K

Card table byte_map: [0x000001c8dc9a0000,0x000001c8dcfb0000] byte_map_base: 0x000001c8d91a0000

Marking Bits: (ParMarkBitMap*) 0x0000000073d6d490
 Begin Bits: [0x000001c8dd5a0000, 0x000001c8e05a0000)
 End Bits:   [0x000001c8e05a0000, 0x000001c8e35a0000)

Polling page: 0x000001c8c9180000

CodeCache: size=245760Kb used=35997Kb max_used=35997Kb free=209762Kb
 bounds [0x000001c8cd5e0000, 0x000001c8cf940000, 0x000001c8dc5e0000]
 total_blobs=10177 nmethods=9383 adapters=703
 compilation: enabled

Compilation events (10 events):
Event: 2903.558 Thread 0x000001c8e4522000 11850       3       java.util.Collections$EmptyList::iterator (4 bytes)
Event: 2903.558 Thread 0x000001c8e4522000 nmethod 11850 0x000001c8cf9355d0 code [0x000001c8cf935740, 0x000001c8cf9358f8]
Event: 2903.592 Thread 0x000001c8e4522000 11851       3       ui.views.r.b.a::b (42 bytes)
Event: 2903.593 Thread 0x000001c8e4522000 nmethod 11851 0x000001c8cf935990 code [0x000001c8cf935b40, 0x000001c8cf936260]
Event: 2903.617 Thread 0x000001c8e4522000 11852       3       java.util.HashMap::removeNode (291 bytes)
Event: 2903.620 Thread 0x000001c8e4522000 nmethod 11852 0x000001c8cf936550 code [0x000001c8cf9367c0, 0x000001c8cf937d60]
Event: 2903.681 Thread 0x000001c8e4522000 11853       3       javax.swing.plaf.basic.BasicTreeUI::paintDropLine (65 bytes)
Event: 2903.683 Thread 0x000001c8e4522000 nmethod 11853 0x000001c8cf938610 code [0x000001c8cf938840, 0x000001c8cf9394a0]
Event: 2903.683 Thread 0x000001c8e4522000 11854       3       javax.swing.JTextField$ScrollRepainter::stateChanged (8 bytes)
Event: 2903.684 Thread 0x000001c8e4522000 nmethod 11854 0x000001c8cf939910 code [0x000001c8cf939a80, 0x000001c8cf939db0]

GC Heap History (10 events):
Event: 2827.030 GC heap before
{Heap before GC invocations=34 (full 4):
 PSYoungGen      total 49664K, used 44506K [0x00000007bc400000, 0x00000007c0000000, 0x00000007c0000000)
  eden space 37888K, 99% used [0x00000007bc400000,0x00000007be8fefd0,0x00000007be900000)
  from space 11776K, 56% used [0x00000007be900000,0x00000007bef779d8,0x00000007bf480000)
  to   space 11776K, 0% used [0x00000007bf480000,0x00000007bf480000,0x00000007c0000000)
 ParOldGen       total 94208K, used 35494K [0x0000000700000000, 0x0000000705c00000, 0x00000007bc400000)
  object space 94208K, 37% used [0x0000000700000000,0x00000007022a9958,0x0000000705c00000)
 Metaspace       used 54030K, capacity 54499K, committed 55040K, reserved 1095680K
  class space    used 7729K, capacity 7828K, committed 7936K, reserved 1048576K
Event: 2827.152 GC heap after
Heap after GC invocations=34 (full 4):
 PSYoungGen      total 49664K, used 6393K [0x00000007bc400000, 0x00000007c0000000, 0x00000007c0000000)
  eden space 37888K, 0% used [0x00000007bc400000,0x00000007bc400000,0x00000007be900000)
  from space 11776K, 54% used [0x00000007bf480000,0x00000007bfabe738,0x00000007c0000000)
  to   space 11776K, 0% used [0x00000007be900000,0x00000007be900000,0x00000007bf480000)
 ParOldGen       total 94208K, used 35494K [0x0000000700000000, 0x0000000705c00000, 0x00000007bc400000)
  object space 94208K, 37% used [0x0000000700000000,0x00000007022a9958,0x0000000705c00000)
 Metaspace       used 54030K, capacity 54499K, committed 55040K, reserved 1095680K
  class space    used 7729K, capacity 7828K, committed 7936K, reserved 1048576K
}
Event: 2850.168 GC heap before
{Heap before GC invocations=35 (full 4):
 PSYoungGen      total 49664K, used 44281K [0x00000007bc400000, 0x00000007c0000000, 0x00000007c0000000)
  eden space 37888K, 100% used [0x00000007bc400000,0x00000007be900000,0x00000007be900000)
  from space 11776K, 54% used [0x00000007bf480000,0x00000007bfabe738,0x00000007c0000000)
  to   space 11776K, 0% used [0x00000007be900000,0x00000007be900000,0x00000007bf480000)
 ParOldGen       total 94208K, used 35494K [0x0000000700000000, 0x0000000705c00000, 0x00000007bc400000)
  object space 94208K, 37% used [0x0000000700000000,0x00000007022a9958,0x0000000705c00000)
 Metaspace       used 54315K, capacity 54729K, committed 55040K, reserved 1095680K
  class space    used 7754K, capacity 7861K, committed 7936K, reserved 1048576K
Event: 2850.192 GC heap after
Heap after GC invocations=35 (full 4):
 PSYoungGen      total 49664K, used 6970K [0x00000007bc400000, 0x00000007c0000000, 0x00000007c0000000)
  eden space 37888K, 0% used [0x00000007bc400000,0x00000007bc400000,0x00000007be900000)
  from space 11776K, 59% used [0x00000007be900000,0x00000007befceb38,0x00000007bf480000)
  to   space 11776K, 0% used [0x00000007bf480000,0x00000007bf480000,0x00000007c0000000)
 ParOldGen       total 94208K, used 35494K [0x0000000700000000, 0x0000000705c00000, 0x00000007bc400000)
  object space 94208K, 37% used [0x0000000700000000,0x00000007022a9958,0x0000000705c00000)
 Metaspace       used 54315K, capacity 54729K, committed 55040K, reserved 1095680K
  class space    used 7754K, capacity 7861K, committed 7936K, reserved 1048576K
}
Event: 2872.076 GC heap before
{Heap before GC invocations=36 (full 4):
 PSYoungGen      total 49664K, used 44858K [0x00000007bc400000, 0x00000007c0000000, 0x00000007c0000000)
  eden space 37888K, 100% used [0x00000007bc400000,0x00000007be900000,0x00000007be900000)
  from space 11776K, 59% used [0x00000007be900000,0x00000007befceb38,0x00000007bf480000)
  to   space 11776K, 0% used [0x00000007bf480000,0x00000007bf480000,0x00000007c0000000)
 ParOldGen       total 94208K, used 35494K [0x0000000700000000, 0x0000000705c00000, 0x00000007bc400000)
  object space 94208K, 37% used [0x0000000700000000,0x00000007022a9958,0x0000000705c00000)
 Metaspace       used 54422K, capacity 54869K, committed 55296K, reserved 1097728K
  class space    used 7761K, capacity 7863K, committed 7936K, reserved 1048576K
Event: 2872.102 GC heap after
Heap after GC invocations=36 (full 4):
 PSYoungGen      total 50176K, used 5951K [0x00000007bc400000, 0x00000007c0000000, 0x00000007c0000000)
  eden space 38400K, 0% used [0x00000007bc400000,0x00000007bc400000,0x00000007be980000)
  from space 11776K, 50% used [0x00000007bf480000,0x00000007bfa4ffa8,0x00000007c0000000)
  to   space 11264K, 0% used [0x00000007be980000,0x00000007be980000,0x00000007bf480000)
 ParOldGen       total 94208K, used 35494K [0x0000000700000000, 0x0000000705c00000, 0x00000007bc400000)
  object space 94208K, 37% used [0x0000000700000000,0x00000007022a9958,0x0000000705c00000)
 Metaspace       used 54422K, capacity 54869K, committed 55296K, reserved 1097728K
  class space    used 7761K, capacity 7863K, committed 7936K, reserved 1048576K
}
Event: 2880.848 GC heap before
{Heap before GC invocations=37 (full 4):
 PSYoungGen      total 50176K, used 44351K [0x00000007bc400000, 0x00000007c0000000, 0x00000007c0000000)
  eden space 38400K, 100% used [0x00000007bc400000,0x00000007be980000,0x00000007be980000)
  from space 11776K, 50% used [0x00000007bf480000,0x00000007bfa4ffa8,0x00000007c0000000)
  to   space 11264K, 0% used [0x00000007be980000,0x00000007be980000,0x00000007bf480000)
 ParOldGen       total 94208K, used 35494K [0x0000000700000000, 0x0000000705c00000, 0x00000007bc400000)
  object space 94208K, 37% used [0x0000000700000000,0x00000007022a9958,0x0000000705c00000)
 Metaspace       used 54527K, capacity 54933K, committed 55296K, reserved 1097728K
  class space    used 7768K, capacity 7863K, committed 7936K, reserved 1048576K
Event: 2880.877 GC heap after
Heap after GC invocations=37 (full 4):
 PSYoungGen      total 49664K, used 5797K [0x00000007bc400000, 0x00000007c0000000, 0x00000007c0000000)
  eden space 38400K, 0% used [0x00000007bc400000,0x00000007bc400000,0x00000007be980000)
  from space 11264K, 51% used [0x00000007be980000,0x00000007bef29688,0x00000007bf480000)
  to   space 10752K, 0% used [0x00000007bf580000,0x00000007bf580000,0x00000007c0000000)
 ParOldGen       total 94208K, used 35502K [0x0000000700000000, 0x0000000705c00000, 0x00000007bc400000)
  object space 94208K, 37% used [0x0000000700000000,0x00000007022ab958,0x0000000705c00000)
 Metaspace       used 54527K, capacity 54933K, committed 55296K, reserved 1097728K
  class space    used 7768K, capacity 7863K, committed 7936K, reserved 1048576K
}
Event: 2901.084 GC heap before
{Heap before GC invocations=38 (full 4):
 PSYoungGen      total 49664K, used 44197K [0x00000007bc400000, 0x00000007c0000000, 0x00000007c0000000)
  eden space 38400K, 100% used [0x00000007bc400000,0x00000007be980000,0x00000007be980000)
  from space 11264K, 51% used [0x00000007be980000,0x00000007bef29688,0x00000007bf480000)
  to   space 10752K, 0% used [0x00000007bf580000,0x00000007bf580000,0x00000007c0000000)
 ParOldGen       total 94208K, used 35502K [0x0000000700000000, 0x0000000705c00000, 0x00000007bc400000)
  object space 94208K, 37% used [0x0000000700000000,0x00000007022ab958,0x0000000705c00000)
 Metaspace       used 54902K, capacity 55349K, committed 55808K, reserved 1097728K
  class space    used 7811K, capacity 7895K, committed 7936K, reserved 1048576K
Event: 2901.109 GC heap after
Heap after GC invocations=38 (full 4):
 PSYoungGen      total 49664K, used 7831K [0x00000007bc400000, 0x00000007c0000000, 0x00000007c0000000)
  eden space 38912K, 0% used [0x00000007bc400000,0x00000007bc400000,0x00000007bea00000)
  from space 10752K, 72% used [0x00000007bf580000,0x00000007bfd25ee8,0x00000007c0000000)
  to   space 11264K, 0% used [0x00000007bea00000,0x00000007bea00000,0x00000007bf500000)
 ParOldGen       total 94208K, used 35502K [0x0000000700000000, 0x0000000705c00000, 0x00000007bc400000)
  object space 94208K, 37% used [0x0000000700000000,0x00000007022ab958,0x0000000705c00000)
 Metaspace       used 54902K, capacity 55349K, committed 55808K, reserved 1097728K
  class space    used 7811K, capacity 7895K, committed 7936K, reserved 1048576K
}

Deoptimization events (10 events):
Event: 2895.095 Thread 0x000001c8c9a52000 Uncommon trap: reason=class_check action=maybe_recompile pc=0x000001c8cee6ca08 method=java.util.Collections$UnmodifiableMap$UnmodifiableEntrySet$UnmodifiableEntry.getKey()Ljava/lang/Object; @ 4
Event: 2895.095 Thread 0x000001c8c9a52000 Uncommon trap: reason=class_check action=maybe_recompile pc=0x000001c8ceed2448 method=java.util.Collections$UnmodifiableMap$UnmodifiableEntrySet$UnmodifiableEntry.getValue()Ljava/lang/Object; @ 4
Event: 2895.095 Thread 0x000001c8c9a52000 Uncommon trap: reason=class_check action=maybe_recompile pc=0x000001c8ceda9090 method=java.util.Collections$UnmodifiableMap$UnmodifiableEntrySet$1.hasNext()Z @ 4
Event: 2896.354 Thread 0x000001c8c9a52000 Uncommon trap: reason=class_check action=maybe_recompile pc=0x000001c8cdfb94ec method=java.util.Collections$UnmodifiableMap$UnmodifiableEntrySet$1.next()Ljava/util/Map$Entry; @ 8
Event: 2896.354 Thread 0x000001c8c9a52000 Uncommon trap: reason=class_check action=maybe_recompile pc=0x000001c8cee6ca08 method=java.util.Collections$UnmodifiableMap$UnmodifiableEntrySet$UnmodifiableEntry.getKey()Ljava/lang/Object; @ 4
Event: 2896.355 Thread 0x000001c8c9a52000 Uncommon trap: reason=class_check action=maybe_recompile pc=0x000001c8ceed2448 method=java.util.Collections$UnmodifiableMap$UnmodifiableEntrySet$UnmodifiableEntry.getValue()Ljava/lang/Object; @ 4
Event: 2900.102 Thread 0x000001c8c9a52000 Uncommon trap: reason=bimorphic action=maybe_recompile pc=0x000001c8ce3e2bb4 method=com.jidesoft.swing.JideSwingUtilities.getButtonState(Ljavax/swing/AbstractButton;)I @ 15
Event: 2900.151 Thread 0x000001c8c9a52000 Uncommon trap: reason=unreached action=reinterpret pc=0x000001c8ce534e7c method=java.awt.Font.equals(Ljava/lang/Object;)Z @ 90
Event: 2900.173 Thread 0x000001c8c9a52000 Uncommon trap: reason=unreached action=reinterpret pc=0x000001c8cdf7622c method=java.awt.Font.equals(Ljava/lang/Object;)Z @ 97
Event: 2901.128 Thread 0x000001c8c9a52000 Uncommon trap: reason=bimorphic action=maybe_recompile pc=0x000001c8ce3e2bb4 method=com.jidesoft.swing.JideSwingUtilities.getButtonState(Ljavax/swing/AbstractButton;)I @ 15

Internal exceptions (10 events):
Event: 2882.185 Thread 0x000001c8c9a52000 Exception <a 'java/io/FileNotFoundException'> (0x00000007bc9318f0) thrown at [D:\re\workspace\8-2-build-windows-amd64-cygwin\jdk8u25\1677\hotspot\src\share\vm\prims\jni.cpp, line 716]
Event: 2885.895 Thread 0x000001c8c9a52000 Exception <a 'java/security/PrivilegedActionException'> (0x00000007bca292d0) thrown at [D:\re\workspace\8-2-build-windows-amd64-cygwin\jdk8u25\1677\hotspot\src\share\vm\prims\jvm.cpp, line 1312]
Event: 2886.397 Thread 0x000001c8c9a52000 Implicit null exception at 0x000001c8cdf99d4c to 0x000001c8cdf99db0
Event: 2888.296 Thread 0x000001c8c9a52000 Exception <a 'java/io/FileNotFoundException'> (0x00000007bd8d8278) thrown at [D:\re\workspace\8-2-build-windows-amd64-cygwin\jdk8u25\1677\hotspot\src\share\vm\prims\jni.cpp, line 716]
Event: 2892.188 Thread 0x000001c8c9a52000 Exception <a 'java/io/FileNotFoundException'> (0x00000007bdaea0c0) thrown at [D:\re\workspace\8-2-build-windows-amd64-cygwin\jdk8u25\1677\hotspot\src\share\vm\prims\jni.cpp, line 716]
Event: 2892.500 Thread 0x000001c8c9a52000 Exception <a 'java/security/PrivilegedActionException'> (0x00000007bdb288e8) thrown at [D:\re\workspace\8-2-build-windows-amd64-cygwin\jdk8u25\1677\hotspot\src\share\vm\prims\jvm.cpp, line 1312]
Event: 2896.359 Thread 0x000001c8c9a52000 Exception <a 'java/security/PrivilegedActionException'> (0x00000007bdcbc1e8) thrown at [D:\re\workspace\8-2-build-windows-amd64-cygwin\jdk8u25\1677\hotspot\src\share\vm\prims\jvm.cpp, line 1312]
Event: 2896.360 Thread 0x000001c8c9a52000 Exception <a 'java/security/PrivilegedActionException'> (0x00000007bdcc1e40) thrown at [D:\re\workspace\8-2-build-windows-amd64-cygwin\jdk8u25\1677\hotspot\src\share\vm\prims\jvm.cpp, line 1312]
Event: 2897.188 Thread 0x000001c8c9a52000 Exception <a 'java/io/FileNotFoundException'> (0x00000007bdd11948) thrown at [D:\re\workspace\8-2-build-windows-amd64-cygwin\jdk8u25\1677\hotspot\src\share\vm\prims\jni.cpp, line 716]
Event: 2903.644 Thread 0x000001c8c9a52000 Exception <a 'java/io/FileNotFoundException'> (0x00000007bd5a77d0) thrown at [D:\re\workspace\8-2-build-windows-amd64-cygwin\jdk8u25\1677\hotspot\src\share\vm\prims\jni.cpp, line 716]

Events (10 events):
Event: 2901.111 Executing VM operation: RevokeBias done
Event: 2901.111 Executing VM operation: RevokeBias
Event: 2901.112 Executing VM operation: RevokeBias done
Event: 2901.112 Executing VM operation: RevokeBias
Event: 2901.113 Executing VM operation: RevokeBias done
Event: 2901.113 Executing VM operation: RevokeBias
Event: 2901.113 Executing VM operation: RevokeBias done
Event: 2901.128 Thread 0x000001c8c9a52000 Uncommon trap: trap_request=0xffffffc6 fr.pc=0x000001c8ce3e2bb4
Event: 2901.128 Thread 0x000001c8c9a52000 DEOPT PACKING pc=0x000001c8ce3e2bb4 sp=0x00000070616fb8f0
Event: 2901.128 Thread 0x000001c8c9a52000 DEOPT UNPACKING pc=0x000001c8cd625572 sp=0x00000070616fb858 mode 2


Dynamic libraries:
0x00007ff6c5850000 - 0x00007ff6c588d000 	C:\Xilinx\Vivado\2015.1\bin\unwrapped\win64.o\vivado.exe
0x00007ff968ce0000 - 0x00007ff968ec1000 	C:\WINDOWS\SYSTEM32\ntdll.dll
0x00007ff966200000 - 0x00007ff9662b2000 	C:\WINDOWS\System32\KERNEL32.DLL
0x00007ff965300000 - 0x00007ff965573000 	C:\WINDOWS\System32\KERNELBASE.dll
0x000000000a900000 - 0x000000000a98d000 	C:\Xilinx\Vivado\2015.1\lib\win64.o\SHSMP64.dll
0x00007ff95e7f0000 - 0x00007ff95e803000 	C:\Xilinx\Vivado\2015.1\lib\win64.o\libboost_signals.dll
0x00007ff967560000 - 0x00007ff9676f0000 	C:\WINDOWS\System32\USER32.dll
0x00007ff965ce0000 - 0x00007ff965d00000 	C:\WINDOWS\System32\win32u.dll
0x00007ff966ef0000 - 0x00007ff966f18000 	C:\WINDOWS\System32\GDI32.dll
0x00007ff965e20000 - 0x00007ff965fb2000 	C:\WINDOWS\System32\gdi32full.dll
0x00007ff965d00000 - 0x00007ff965d9f000 	C:\WINDOWS\System32\msvcp_win.dll
0x00007ff966070000 - 0x00007ff96616a000 	C:\WINDOWS\System32\ucrtbase.dll
0x00007ff966400000 - 0x00007ff9664a1000 	C:\WINDOWS\System32\ADVAPI32.dll
0x00007ff9664b0000 - 0x00007ff96654e000 	C:\WINDOWS\System32\msvcrt.dll
0x00007ff967480000 - 0x00007ff9674db000 	C:\WINDOWS\System32\sechost.dll
0x00007ff9662c0000 - 0x00007ff9663e4000 	C:\WINDOWS\System32\RPCRT4.dll
0x00007ff9234e0000 - 0x00007ff923e24000 	C:\Xilinx\Vivado\2015.1\lib\win64.o\librdi_common.dll
0x00007ff967200000 - 0x00007ff967208000 	C:\WINDOWS\System32\PSAPI.DLL
0x00007ff9676f0000 - 0x00007ff968b30000 	C:\WINDOWS\System32\SHELL32.dll
0x00007ff95e7d0000 - 0x00007ff95e7e1000 	C:\Xilinx\Vivado\2015.1\lib\win64.o\librdi_commonmain.dll
0x00007ff965c90000 - 0x00007ff965cd9000 	C:\WINDOWS\System32\cfgmgr32.dll
0x00007ff966570000 - 0x00007ff966619000 	C:\WINDOWS\System32\shcore.dll
0x00007ff966770000 - 0x00007ff966a93000 	C:\WINDOWS\System32\combase.dll
0x00007ff965da0000 - 0x00007ff965e1a000 	C:\WINDOWS\System32\bcryptPrimitives.dll
0x00007ff9370e0000 - 0x00007ff937187000 	C:\WINDOWS\SYSTEM32\MSVCP110.dll
0x00007ff965580000 - 0x00007ff965c8d000 	C:\WINDOWS\System32\windows.storage.dll
0x00007ff966620000 - 0x00007ff966671000 	C:\WINDOWS\System32\shlwapi.dll
0x00007ff965020000 - 0x00007ff965031000 	C:\WINDOWS\System32\kernel.appcore.dll
0x00007ff965090000 - 0x00007ff9650af000 	C:\WINDOWS\System32\profapi.dll
0x00007ff9349f0000 - 0x00007ff934ac4000 	C:\WINDOWS\SYSTEM32\MSVCR110.dll
0x00007ff965040000 - 0x00007ff96508c000 	C:\WINDOWS\System32\powrprof.dll
0x00007ff964ff0000 - 0x00007ff964ffa000 	C:\WINDOWS\System32\FLTLIB.DLL
0x00007ff9598d0000 - 0x00007ff9598da000 	C:\WINDOWS\SYSTEM32\VERSION.dll
0x00007ff927d10000 - 0x00007ff927fb8000 	C:\Xilinx\Vivado\2015.1\lib\win64.o\libCOIN-all.dll
0x00007ff92b860000 - 0x00007ff92ba80000 	C:\Xilinx\Vivado\2015.1\lib\win64.o\libXil_lmgr11.dll
0x00007ff966680000 - 0x00007ff96676d000 	C:\WINDOWS\System32\COMDLG32.dll
0x00007ff967210000 - 0x00007ff9672d2000 	C:\WINDOWS\System32\OLEAUT32.dll
0x00007ff9670a0000 - 0x00007ff9671f1000 	C:\WINDOWS\System32\ole32.dll
0x00007ff9650b0000 - 0x00007ff965107000 	C:\WINDOWS\System32\WINTRUST.dll
0x00007ff95fdc0000 - 0x00007ff95fdd0000 	C:\Xilinx\Vivado\2015.1\lib\win64.o\libboost_date_time.dll
0x00007ff965000000 - 0x00007ff965012000 	C:\WINDOWS\System32\MSASN1.dll
0x00007ff965110000 - 0x00007ff9652f2000 	C:\WINDOWS\System32\CRYPT32.dll
0x00007ff95c970000 - 0x00007ff95c992000 	C:\Xilinx\Vivado\2015.1\lib\win64.o\libboost_filesystem.dll
0x00007ff9372b0000 - 0x00007ff937324000 	C:\Xilinx\Vivado\2015.1\lib\win64.o\libboost_program_options.dll
0x00007ff931800000 - 0x00007ff9318fa000 	C:\Xilinx\Vivado\2015.1\lib\win64.o\libboost_regex.dll
0x00007ff95f650000 - 0x00007ff95f659000 	C:\Xilinx\Vivado\2015.1\lib\win64.o\libboost_system.dll
0x00007ff95cfa0000 - 0x00007ff95cfbd000 	C:\Xilinx\Vivado\2015.1\lib\win64.o\libboost_thread.dll
0x00007ff936830000 - 0x00007ff9368ca000 	C:\Xilinx\Vivado\2015.1\lib\win64.o\libhdxml.dll
0x00007ff924220000 - 0x00007ff92482a200 	C:\Xilinx\Vivado\2015.1\lib\win64.o\libisl_iostreams.dll
0x00007ff9578b0000 - 0x00007ff9578d3000 	C:\Xilinx\Vivado\2015.1\lib\win64.o\libisl_iosutils.dll
0x00007ff936f40000 - 0x00007ff936fc0000 	C:\Xilinx\Vivado\2015.1\lib\win64.o\libhdlpsolve.dll
0x0000000073590000 - 0x0000000073dea000 	C:\Xilinx\Vivado\2015.1\tps\win64\jre\bin\server\jvm.dll
0x00007ff95c920000 - 0x00007ff95c935000 	C:\Xilinx\Vivado\2015.1\lib\win64.o\pthreadVC2.dll
0x00007ff9504c0000 - 0x00007ff950516000 	C:\Xilinx\Vivado\2015.1\lib\win64.o\librdi_commonxillic.dll
0x00007ff954eb0000 - 0x00007ff954ec8000 	C:\Xilinx\Vivado\2015.1\lib\win64.o\librdiconfig.dll
0x00007ff954e80000 - 0x00007ff954ea3000 	C:\Xilinx\Vivado\2015.1\lib\win64.o\librdizlib.dll
0x0000000074320000 - 0x0000000074447000 	C:\Xilinx\Vivado\2015.1\lib\win64.o\tcl85t.dll
0x00007ff968c40000 - 0x00007ff968cac000 	C:\WINDOWS\System32\WS2_32.dll
0x00007ff9635d0000 - 0x00007ff96391f000 	C:\WINDOWS\SYSTEM32\WININET.dll
0x0000000012000000 - 0x0000000012263000 	C:\Xilinx\Vivado\2015.1\lib\win64.o\xerces-c_3_1.dll
0x00007ff95f310000 - 0x00007ff95f3ed000 	C:\WINDOWS\SYSTEM32\WINHTTP.dll
0x00007ff958910000 - 0x00007ff958adc000 	C:\WINDOWS\SYSTEM32\urlmon.dll
0x00007ff95e400000 - 0x00007ff95e409000 	C:\Xilinx\Vivado\2015.1\lib\win64.o\librdi_commonversion.dll
0x00007ff927be0000 - 0x00007ff927d10000 	C:\Xilinx\Vivado\2015.1\lib\win64.o\librdi_curl.dll
0x00007ff960070000 - 0x00007ff960079000 	C:\WINDOWS\SYSTEM32\WSOCK32.dll
0x00007ff954020000 - 0x00007ff954043000 	C:\WINDOWS\SYSTEM32\VCOMP110.DLL
0x00007ff957880000 - 0x00007ff9578aa000 	C:\Xilinx\Vivado\2015.1\lib\win64.o\libisl_sysinfo.dll
0x00007ff95d580000 - 0x00007ff95d597000 	C:\WINDOWS\SYSTEM32\NETAPI32.dll
0x00007ff95b550000 - 0x00007ff95b5f7000 	C:\WINDOWS\WinSxS\amd64_microsoft.windows.common-controls_6595b64144ccf1df_5.82.17134.48_none_e3539a3969552203\COMCTL32.dll
0x00007ff953480000 - 0x00007ff953496000 	C:\Xilinx\Vivado\2015.1\lib\win64.o\libboost_iostreams.dll
0x0000000074240000 - 0x0000000074312000 	C:\WINDOWS\SYSTEM32\MSVCR100.dll
0x00007ff95de10000 - 0x00007ff95de1b000 	C:\Xilinx\Vivado\2015.1\lib\win64.o\libboost_chrono.dll
0x00007ff959b10000 - 0x00007ff959db2000 	C:\WINDOWS\SYSTEM32\iertutil.dll
0x00007ff9649c0000 - 0x00007ff9649cb000 	C:\WINDOWS\SYSTEM32\CRYPTBASE.DLL
0x00007ff9628f0000 - 0x00007ff962913000 	C:\WINDOWS\SYSTEM32\WINMM.dll
0x00007ff9628c0000 - 0x00007ff9628ea000 	C:\WINDOWS\SYSTEM32\winmmbase.dll
0x00007ff9661d0000 - 0x00007ff9661fd000 	C:\WINDOWS\System32\IMM32.DLL
0x00007ff9230d0000 - 0x00007ff9234da000 	C:\Xilinx\Vivado\2015.1\lib\win64.o\librdi_commontasks.dll
0x00007ff922680000 - 0x00007ff922e90000 	C:\Xilinx\Vivado\2015.1\lib\win64.o\libXil_lmgr11FNP.dll
0x00007ff966aa0000 - 0x00007ff966eeb000 	C:\WINDOWS\System32\SETUPAPI.dll
0x00007ff964590000 - 0x00007ff9645c8000 	C:\WINDOWS\SYSTEM32\iphlpapi.dll
0x00007ff9510b0000 - 0x00007ff9510bc000 	C:\WINDOWS\SYSTEM32\snmpapi.dll
0x00007ff9525f0000 - 0x00007ff952674000 	C:\WINDOWS\SYSTEM32\WINSPOOL.DRV
0x00007ff9604b0000 - 0x00007ff96051b000 	C:\WINDOWS\SYSTEM32\OLEACC.dll
0x00007ff961270000 - 0x00007ff961424000 	C:\WINDOWS\SYSTEM32\PROPSYS.dll
0x00007ff964af0000 - 0x00007ff964b15000 	C:\WINDOWS\SYSTEM32\bcrypt.dll
0x00007ff9649d0000 - 0x00007ff9649e7000 	C:\WINDOWS\SYSTEM32\CRYPTSP.dll
0x00007ff9643f0000 - 0x00007ff964423000 	C:\WINDOWS\system32\rsaenh.dll
0x00007ff964ef0000 - 0x00007ff964f20000 	C:\WINDOWS\SYSTEM32\SspiCli.dll
0x00007ff964da0000 - 0x00007ff964dc7000 	C:\WINDOWS\SYSTEM32\DEVOBJ.dll
0x00007ff962bf0000 - 0x00007ff962c88000 	C:\WINDOWS\system32\uxtheme.dll
0x00007ff942af0000 - 0x00007ff942b06000 	C:\WINDOWS\system32\napinsp.dll
0x00007ff942ad0000 - 0x00007ff942aea000 	C:\WINDOWS\system32\pnrpnsp.dll
0x00007ff960f10000 - 0x00007ff960f29000 	C:\WINDOWS\system32\NLAapi.dll
0x00007ff964810000 - 0x00007ff964876000 	C:\WINDOWS\System32\mswsock.dll
0x00007ff9645d0000 - 0x00007ff96468e000 	C:\WINDOWS\SYSTEM32\DNSAPI.dll
0x00007ff968b90000 - 0x00007ff968b98000 	C:\WINDOWS\System32\NSI.dll
0x00007ff950ca0000 - 0x00007ff950cae000 	C:\WINDOWS\System32\winrnr.dll
0x00007ff95aa70000 - 0x00007ff95aae2000 	C:\WINDOWS\System32\fwpuclnt.dll
0x00007ff968ba0000 - 0x00007ff968c40000 	C:\WINDOWS\System32\clbcatq.dll
0x00007ff956c00000 - 0x00007ff956c0a000 	C:\Windows\System32\rasadhlp.dll
0x00007ff9220e0000 - 0x00007ff92267a000 	C:\Xilinx\Vivado\2015.1\lib\win64.o\librdi_coretasks.dll
0x00007ff921f20000 - 0x00007ff9220de000 	C:\Xilinx\Vivado\2015.1\lib\win64.o\librdi_chipscope.dll
0x00007ff920e10000 - 0x00007ff921f18000 	C:\Xilinx\Vivado\2015.1\lib\win64.o\librdi_constraints.dll
0x00007ff91f620000 - 0x00007ff920e09000 	C:\Xilinx\Vivado\2015.1\lib\win64.o\librdi_coregen.dll
0x00007ff913e00000 - 0x00007ff91a8f8000 	C:\Xilinx\Vivado\2015.1\lib\win64.o\librdi_device.dll
0x00007ff91f180000 - 0x00007ff91f612000 	C:\Xilinx\Vivado\2015.1\lib\win64.o\librdi_drc.dll
0x00007ff91ee50000 - 0x00007ff91f17d000 	C:\Xilinx\Vivado\2015.1\lib\win64.o\librdi_filemgmt.dll
0x00007ff91ea30000 - 0x00007ff91ee50000 	C:\Xilinx\Vivado\2015.1\lib\win64.o\librdi_netlist.dll
0x00007ff92e800000 - 0x00007ff92e93a000 	C:\Xilinx\Vivado\2015.1\lib\win64.o\librdi_board.dll
0x00007ff9127e0000 - 0x00007ff913dfc000 	C:\Xilinx\Vivado\2015.1\lib\win64.o\librdi_place.dll
0x00007ff912300000 - 0x00007ff9127df000 	C:\Xilinx\Vivado\2015.1\lib\win64.o\librdi_power.dll
0x00007ff911f00000 - 0x00007ff9122fa000 	C:\Xilinx\Vivado\2015.1\lib\win64.o\librdi_project.dll
0x00007ff9503e0000 - 0x00007ff95041f000 	C:\Xilinx\Vivado\2015.1\lib\win64.o\librdi_projectbase.dll
0x00007ff911a70000 - 0x00007ff911f00000 	C:\Xilinx\Vivado\2015.1\lib\win64.o\librdi_psta.dll
0x00007ff911620000 - 0x00007ff911a6c000 	C:\Xilinx\Vivado\2015.1\lib\win64.o\librdi_rsb.dll
0x00007ff9113c0000 - 0x00007ff911616000 	C:\Xilinx\Vivado\2015.1\lib\win64.o\librdi_runs.dll
0x00007ff94b620000 - 0x00007ff94b679000 	C:\Xilinx\Vivado\2015.1\lib\win64.o\librdi_runsbase.dll
0x00007ff937660000 - 0x00007ff9376c3000 	C:\Xilinx\Vivado\2015.1\lib\win64.o\liblmx6.0.dll
0x00007ff90dd30000 - 0x00007ff9113b4000 	C:\Xilinx\Vivado\2015.1\lib\win64.o\librdi_designutils.dll
0x00007ff90d670000 - 0x00007ff90dd28000 	C:\Xilinx\Vivado\2015.1\lib\win64.o\librdi_coregenipxact.dll
0x00007ff936680000 - 0x00007ff9366dd000 	C:\Xilinx\Vivado\2015.1\lib\win64.o\librdi_boarddep.dll
0x00007ff937000000 - 0x00007ff937047000 	C:\Xilinx\Vivado\2015.1\lib\win64.o\libboost_serialization.dll
0x00007ff90ce60000 - 0x00007ff90d66d000 	C:\Xilinx\Vivado\2015.1\lib\win64.o\libverific.dll
0x00007ff90c580000 - 0x00007ff90ce51000 	C:\Xilinx\Vivado\2015.1\lib\win64.o\librdi_mig.dll
0x00007ff90bc70000 - 0x00007ff90c576000 	C:\Xilinx\Vivado\2015.1\lib\win64.o\librdi_timing.dll
0x00007ff90b4a0000 - 0x00007ff90b6a9000 	C:\Xilinx\Vivado\2015.1\lib\win64.o\librdi_dlyest.dll
0x00007ff953460000 - 0x00007ff953479000 	C:\Xilinx\Vivado\2015.1\lib\win64.o\librdi_hmetis.dll

VM Arguments:
jvm_args: -Dsun.java2d.pmoffscreen=false -Dsun.java2d.d3d=false -Dsun.awt.nopixfmt=true -Xverify:none -Dswing.aatext=true -XX:-UsePerfData -Djdk.map.althashing.threshold=512 -XX:StringTableSize=4072 -Djava.util.Arrays.useLegacyMergeSort=true -XX:NewSize=60m -XX:MaxNewSize=60m -Xms128m -Xmx3072m -Xss5m 
java_command: <unknown>
java_class_path (initial): C:/Xilinx/Vivado/2015.1\lib\classes\alloy.jar;C:/Xilinx/Vivado/2015.1\lib\classes\antlr-2.7.7.jar;C:/Xilinx/Vivado/2015.1\lib\classes\batik-anim.jar;C:/Xilinx/Vivado/2015.1\lib\classes\batik-awt-util.jar;C:/Xilinx/Vivado/2015.1\lib\classes\batik-bridge.jar;C:/Xilinx/Vivado/2015.1\lib\classes\batik-codec.jar;C:/Xilinx/Vivado/2015.1\lib\classes\batik-css.jar;C:/Xilinx/Vivado/2015.1\lib\classes\batik-dom.jar;C:/Xilinx/Vivado/2015.1\lib\classes\batik-ext.jar;C:/Xilinx/Vivado/2015.1\lib\classes\batik-gui-util.jar;C:/Xilinx/Vivado/2015.1\lib\classes\batik-gvt.jar;C:/Xilinx/Vivado/2015.1\lib\classes\batik-parser.jar;C:/Xilinx/Vivado/2015.1\lib\classes\batik-script.jar;C:/Xilinx/Vivado/2015.1\lib\classes\batik-svg-dom.jar;C:/Xilinx/Vivado/2015.1\lib\classes\batik-swing.jar;C:/Xilinx/Vivado/2015.1\lib\classes\batik-transcoder.jar;C:/Xilinx/Vivado/2015.1\lib\classes\batik-util.jar;C:/Xilinx/Vivado/2015.1\lib\classes\batik-xml.jar;C:/Xilinx/Vivado/2015.1\lib\classes\commons-logging.jar;C:/Xilinx/Vivado/2015.1\lib\classes\commons-math-2.2.jar;C:/Xilinx/Vivado/2015.1\lib\classes\dom4j-1.6.1.jar;C:/Xilinx/Vivado/2015.1\lib\classes\forms.jar;C:/Xilinx/Vivado/2015.1\lib\classes\guava-15.0.jar;C:/Xilinx/Vivado/2015.1\lib\classes\hsqldb.jar;C:/Xilinx/Vivado/2015.1\lib\classes\jdom.jar;C:/Xilinx/Vivado/2015.1\lib\classes\jide-action.jar;C:/Xilinx/Vivado/2015.1\lib\classes\jide-charts.jar;C:/Xilinx/Vivado/2015.1\lib\classes\jide-common.jar;C:/Xilinx/Vivado/2015.1\lib\classes\jide-components.jar;C:/Xilinx/Vivado/2015.1\lib\classes\jide-dashboard.jar;C:/Xilinx/Vivado/2015.1\lib\classes\jide-data.jar;C:/Xilinx/Vivado/2015.1\lib\classes\jide-dialogs.jar;C:/Xilinx/Vivado/2015.1\lib\classes\jide-diff.jar;C:/Xilinx/Vivado/2015.1\lib\classes\jide-dock.jar;C:/Xilinx/Vivado/2015.1\lib\classes\jide-editor.jar;C:/Xilinx/Vivado/2015.1\lib\classes\jide-gantt.jar;C:/Xilinx/Vivado/2015.1\lib\classes\jide-grids.jar;C:/Xilinx/Vivado/2015.1\lib\classes\jide-pivot.jar;C:/Xilin
Launcher Type: generic

Environment Variables:
JAVA_HOME=C:\Program Files\Java\jdk1.8.0_171
CLASSPATH=.;C:\Program Files\Java\jdk1.8.0_171\lib;C:\Program Files\Java\jdk1.8.0_171\lib\dt.jar;C:\Program Files\Java\jdk1.8.0_171\lib\tools.jar
PATH=C:/Xilinx/Vivado/2015.1/bin;C:/Xilinx/Vivado/2015.1/lib/win64.o;C:/Xilinx/Vivado/2015.1/tps/win64/jre/bin/server;C:/Xilinx/Vivado/2015.1/tps/win64/jre/bin;C:/Xilinx/Vivado/2015.1/ids_lite/ISE/bin/nt64;C:/Xilinx/Vivado/2015.1/ids_lite/ISE/lib/nt64;D:\app\LSF\product\11.2.0\dbhome_1\bin;C:\ProgramData\Oracle\Java\javapath;C:\WINDOWS\system32;C:\WINDOWS;C:\WINDOWS\System32\Wbem;C:\WINDOWS\System32\WindowsPowerShell\v1.0\;C:\Program Files (x86)\Common Files\lenovo\easyplussdk\bin;C:\Program Files (x86)\ATI Technologies\ATI.ACE\Core-Static;D:\program\java\bin;D:\program\java\jdk\bin;D:\program\mysql\bin;D:\program\Python36\Scripts\;D:\program\Python36;C:\Users\LSF\AppData\Local\Microsoft\WindowsApps;D:\program\nvm;D:\program\nvm\npm;D:\program\nodejs;D:\Program\Subversion\bin;D:\program\SVNApp\bin;%MAVEN_HOME%\bin;D:\program\Git\bin;D:\program\MongoDB\bin;D:\program\Tencent\QQ\Bin;D:\program\Dev-Cpp\MinGW64\bin;D:\program\python27;D:\program\python27\Scripts;C:\WINDOWS\system32;C:\WINDOWS;C:\WINDOWS\System32\Wbem;C:\WINDOWS\System32\WindowsPowerShell\v1.0\;C:\Program Files\Intel\WiFi\bin\;C:\Program Files\Common Files\Intel\WirelessCommon\;C:\Program Files (x86)\GtkSharp\2.12\bin;C:\Program Files\dotnet\;%ANT_HOME%\bin;D:\program\apache-ant-1.10.3\bin;D:\program\apache-ant-1.;C:\WINDOWS\System32\OpenSSH\;D:\cocos2d-x-3.16\templates;D:\cocos2d-x-3.16\tools\cocos2d-console\bin;D:\Èí¼þ;C:\Program Files\MySQL\MySQL Server 5.7\bin;;%USERPROFILE%\AppData\Local\Microsoft\WindowsApps
USERNAME=Administrator
OS=Windows_NT
PROCESSOR_IDENTIFIER=Intel64 Family 6 Model 76 Stepping 3, GenuineIntel



---------------  S Y S T E M  ---------------

OS: Windows 8 , 64 bit Build 9200 

CPU:total 2 (2 cores per cpu, 1 threads per core) family 6 model 76 stepping 3, cmov, cx8, fxsr, mmx, sse, sse2, sse3, ssse3, sse4.1, sse4.2, popcnt, aes, clmul, erms, tsc, tscinvbit

Memory: 4k page, physical 8299888k(4479588k free), swap 9610608k(4165992k free)

vm_info: Java HotSpot(TM) 64-Bit Server VM (25.25-b02) for windows-amd64 JRE (1.8.0_25-b18), built on Oct  7 2014 14:25:37 by "java_re" with MS VC++ 10.0 (VS2010)

time: Wed Jun 06 19:58:57 2018
elapsed time: 2904 seconds (0d 0h 48m 24s)

